[MAQAO] PROCESS LAUNCHED (host Ascab, process 4243)
2380225.00 cycles/itération 
2380225.00 cycles/itération 
2380225.00 cycles/itération 
2380225.00 cycles/itération 
2380225.00 cycles/itération 
2380225.00 cycles/itération 
2380225.00 cycles/itération 
2380225.00 cycles/itération 
2380225.00 cycles/itération 
2380225.00 cycles/itération 
2380225.00 cycles/itération 
2380225.00 cycles/itération 
2380225.00 cycles/itération 
2380225.00 cycles/itération 
2380225.00 cycles/itération 
2380225.00 cycles/itération 
2380225.00 cycles/itération 
2380225.00 cycles/itération 
2380225.00 cycles/itération 
2380225.00 cycles/itération 
2380225.00 cycles/itération 
2380225.00 cycles/itération 
2380225.00 cycles/itération 
2380225.00 cycles/itération 
2380225.00 cycles/itération 
2380225.00 cycles/itération 
2380225.00 cycles/itération 
2380225.00 cycles/itération 
2380225.00 cycles/itération 
2380225.00 cycles/itération 
2380225.00 cycles/itération 
[MAQAO] STOP PROFILING (host Ascab, process 4243)
[MAQAO] DUMPING SAMPLES (host Ascab, process 4243)
[MAQAO] FINISHED DUMPING SAMPLES (host Ascab, process 4243)
[MAQAO] DUMPING SOURCE INFO FOR CALLCHAIN NODES (host Ascab, process 4243)
[MAQAO] FINISHED DUMPING SOURCE INFO FOR CALLCHAIN NODES (host Ascab, process 4243)
[MAQAO] ANALYZING binary (host Ascab)
[MAQAO] binary (host Ascab) DONE
[MAQAO] Your experiment path is /home/ascab/Documents/Architecture/AOA/Projet/maqao_2020-03-18_13-41-40/lprof_npsu/
[MAQAO] To display your profiling results:
#################################################################################################
#    LEVEL    |     REPORT     |                            COMMAND                             #
#################################################################################################
#  Functions  |  Cluster-wide  |  maqao lprof -df xp=/home/ascab/Documents/Architecture/AOA/Pr  #
#  Functions  |  Per-node      |  maqao lprof -df -dn xp=/home/ascab/Documents/Architecture/AO  #
#  Functions  |  Per-process   |  maqao lprof -df -dp xp=/home/ascab/Documents/Architecture/AO  #
#  Functions  |  Per-thread    |  maqao lprof -df -dt xp=/home/ascab/Documents/Architecture/AO  #
#  Loops      |  Cluster-wide  |  maqao lprof -dl xp=/home/ascab/Documents/Architecture/AOA/Pr  #
#  Loops      |  Per-node      |  maqao lprof -dl -dn xp=/home/ascab/Documents/Architecture/AO  #
#  Loops      |  Per-process   |  maqao lprof -dl -dp xp=/home/ascab/Documents/Architecture/AO  #
#  Loops      |  Per-thread    |  maqao lprof -dl -dt xp=/home/ascab/Documents/Architecture/AO  #
#################################################################################################

